[2025-09-26 21:11:27] Usuário 'SISTEMA': Login bem-sucedido.
[2025-09-26 21:25:30] Usuário 'SISTEMA': Login bem-sucedido.
[2025-09-26 21:28:54] Usuário 'SISTEMA': Login bem-sucedido.
[2025-09-26 21:33:54] Usuário 'SISTEMA': Login bem-sucedido.
[2025-09-26 21:34:55] Usuário 'SISTEMA': Login bem-sucedido.
[2025-09-26 21:39:30] Usuário 'SISTEMA': Login bem-sucedido.
[2025-09-26 21:42:10] Usuário 'SISTEMA': Login bem-sucedido.
[2025-09-26 21:44:34] Usuário 'SISTEMA': Login bem-sucedido.
[2025-09-26 21:45:26] Usuário 'SISTEMA': Login bem-sucedido.
[2025-09-26 21:46:09] Usuário 'SISTEMA': Login bem-sucedido.
[2025-09-26 21:49:33] Usuário 'SISTEMA': Login bem-sucedido.
[2025-09-26 22:07:42] Usuário 'SISTEMA': Login bem-sucedido.
[2025-09-26 22:08:19] Usuário 'SISTEMA': Login bem-sucedido.
[2025-09-26 22:08:47] Usuário 'SISTEMA': Login bem-sucedido.
[2025-09-26 22:14:11] Usuário 'SISTEMA': Login bem-sucedido.
[2025-09-26 22:14:38] Usuário 'SISTEMA': Login bem-sucedido.
[2025-09-26 22:15:05] Usuário 'SISTEMA': Login bem-sucedido.
[2025-09-26 22:18:55] Usuário 'SISTEMA': Login bem-sucedido.
[2025-09-26 22:20:55] Usuário 'SISTEMA': Login bem-sucedido.
[2025-09-26 22:23:15] Usuário 'SISTEMA': Login bem-sucedido.
[2025-09-26 22:26:17] Usuário 'SISTEMA': Login bem-sucedido.
[2025-09-26 22:29:07] Usuário 'SISTEMA': Login bem-sucedido.
[2025-09-26 22:29:59] Usuário 'SISTEMA': Login bem-sucedido.
[2025-09-26 22:36:52] Usuário 'SISTEMA': Login bem-sucedido.
[2025-09-26 22:42:37] Usuário 'SISTEMA': Login bem-sucedido.
[2025-09-27 12:00:52] Usuário 'SISTEMA': Login bem-sucedido.
[2025-09-27 12:06:43] Usuário 'SISTEMA': Login bem-sucedido.
[2025-09-27 12:11:20] Usuário 'SISTEMA': Login bem-sucedido.
[2025-09-27 12:26:13] Usuário 'SISTEMA': Login bem-sucedido.
[2025-09-27 12:39:17] Usuário 'SISTEMA': Login bem-sucedido.
[2025-09-27 12:40:09] Usuário 'SISTEMA': Login bem-sucedido.
[2025-09-27 12:44:41] Usuário 'SISTEMA': Login bem-sucedido.
[2025-09-27 12:48:53] Usuário 'SISTEMA': Login bem-sucedido.
[2025-09-27 12:54:55] Usuário 'SISTEMA': Login bem-sucedido.
[2025-09-29 09:09:59] Usuário 'SISTEMA': Login bem-sucedido.
[2025-09-29 09:10:06] Usuário 'SISTEMA': Login bem-sucedido.
[2025-09-29 09:28:51] Usuário 'SISTEMA': Login bem-sucedido.
[2025-09-29 09:29:07] Usuário 'SISTEMA': Login bem-sucedido.
[2025-09-29 09:30:59] Usuário 'SISTEMA': Login bem-sucedido.
[2025-09-29 09:31:20] Usuário 'SISTEMA': Login bem-sucedido.
[2025-09-29 09:31:29] Usuário 'SISTEMA': Login bem-sucedido.
[2025-09-29 09:32:50] Usuário 'SISTEMA': Login bem-sucedido.
[2025-09-29 09:33:09] Usuário 'participante': Gerou o documento da FATD (Alvo: Nº 277)
[2025-09-29 09:33:41] Usuário 'SISTEMA': Login bem-sucedido.
[2025-09-29 09:34:07] Usuário 'autoridade': Gerou o Documento de Decisão (Alvo: FATD Nº 277)
[2025-09-29 09:38:07] Usuário 'autoridade': Gerou o Documento de Decisão (Alvo: FATD Nº 277)
[2025-09-29 09:39:07] Usuário 'SISTEMA': Login bem-sucedido.
[2025-09-29 09:47:53] Usuário 'SISTEMA': Login bem-sucedido.
[2025-09-29 09:48:05] Usuário 'participante': Editou a data de início da FATD (Alvo: Nº 261)
[2025-09-29 09:59:49] Usuário 'SISTEMA': Login bem-sucedido.
[2025-09-29 10:00:35] Usuário 'SISTEMA': Login bem-sucedido.
[2025-09-29 10:01:29] Usuário 'SISTEMA': Login bem-sucedido.
[2025-09-29 10:01:50] Usuário 'master': Gerou o documento da FATD (Alvo: Nº 278)
[2025-09-29 10:02:40] Usuário 'master': Gerou o Documento de Decisão (Alvo: FATD Nº 278)
[2025-09-29 10:07:54] Usuário 'SISTEMA': Login bem-sucedido.
[2025-09-29 10:12:04] Usuário 'SISTEMA': Login bem-sucedido.
[2025-09-29 10:14:15] Usuário 'SISTEMA': Login bem-sucedido.
[2025-09-29 10:20:29] Usuário 'SISTEMA': Login bem-sucedido.
[2025-09-29 10:21:07] Usuário 'master': Gerou o documento da FATD (Alvo: Nº 277)
[2025-09-29 10:21:47] Usuário 'master': Gerou o Documento de Decisão (Alvo: FATD Nº 277)
[2025-09-29 10:24:04] Usuário 'SISTEMA': Login bem-sucedido.
[2025-09-29 10:24:11] Usuário 'master': Gerou o Documento de Decisão (Alvo: FATD Nº 277)
[2025-09-29 10:25:55] Usuário 'SISTEMA': Login bem-sucedido.
[2025-09-29 10:26:16] Usuário 'master': Gerou o Documento de Decisão (Alvo: FATD Nº 277)
[2025-09-29 10:30:51] Usuário 'SISTEMA': Login bem-sucedido.
[2025-09-29 10:31:07] Usuário 'master': Gerou o Documento de Decisão (Alvo: FATD Nº 277)
[2025-09-29 10:37:29] Usuário 'SISTEMA': Login bem-sucedido.
[2025-09-29 10:45:39] Usuário 'SISTEMA': Login bem-sucedido.
[2025-09-29 10:49:10] Usuário 'SISTEMA': Login bem-sucedido.
[2025-09-29 10:52:27] Usuário 'SISTEMA': Login bem-sucedido.
[2025-09-29 10:55:42] Usuário 'SISTEMA': Login bem-sucedido.
[2025-09-29 10:57:37] Usuário 'SISTEMA': Login bem-sucedido.
[2025-09-29 10:59:07] Usuário 'SISTEMA': Login bem-sucedido.
[2025-09-29 11:01:29] Usuário 'SISTEMA': Login bem-sucedido.
[2025-09-29 14:21:47] Usuário 'SISTEMA': Login bem-sucedido.
[2025-09-29 15:16:07] Usuário 'participante': Gerou o documento da FATD (Alvo: Nº 277)
[2025-09-29 15:16:38] Usuário 'participante': Gerou o documento da FATD (Alvo: Nº 278)
[2025-09-29 15:16:53] Usuário 'participante': Gerou o documento da FATD (Alvo: Nº 279)
[2025-09-29 15:37:57] Usuário 'participante': Gerou o documento da FATD (Alvo: Nº 280)
[2025-09-29 15:44:59] Usuário 'participante': Gerou o documento da FATD (Alvo: Nº 281)
[2025-09-29 15:45:50] Usuário 'participante': Gerou o documento da FATD (Alvo: Nº 282)
[2025-09-29 15:49:53] Usuário 'participante': Gerou o documento da FATD (Alvo: Nº 283)
[2025-09-29 15:52:04] Usuário 'participante': Gerou o documento da FATD (Alvo: Nº 284)
[2025-09-29 15:59:14] Usuário 'participante': Gerou o documento da FATD (Alvo: Nº 285)
[2025-09-29 15:59:40] Usuário 'participante': Gerou o documento da FATD (Alvo: Nº 286)
[2025-09-29 16:00:02] Usuário 'participante': Gerou o documento da FATD (Alvo: Nº 287)
[2025-09-29 16:00:18] Usuário 'participante': Gerou o documento da FATD (Alvo: Nº 288)
[2025-10-02 19:59:41] Usuário 'SISTEMA': Login bem-sucedido.
[2025-10-02 20:14:13] Usuário 'SISTEMA': Login bem-sucedido.
[2025-10-02 20:14:46] Usuário 'master': Gerou o documento da FATD (Alvo: Nº 289)
[2025-10-02 20:39:25] Usuário 'SISTEMA': Login bem-sucedido.
[2025-10-02 20:42:19] Usuário 'master': Gerou o documento da FATD (Alvo: Nº 290)
[2025-10-02 20:46:21] Usuário 'master': Gerou o Documento de Decisão (Alvo: FATD Nº 290)
[2025-10-02 20:51:54] Usuário 'SISTEMA': Login bem-sucedido.
[2025-10-06 13:59:36] Usuário 'SISTEMA': Login bem-sucedido.
[2025-10-06 14:02:15] Usuário 'participante': Gerou o documento da FATD (Alvo: Nº 289)
[2025-10-06 14:06:44] Usuário 'participante': Gerou o documento da FATD (Alvo: Nº 290)
[2025-10-06 14:10:28] Usuário 'participante': Gerou o documento da FATD (Alvo: Nº 291)
[2025-10-06 14:10:51] Usuário 'participante': Gerou o documento da FATD (Alvo: Nº 292)
[2025-10-06 14:15:14] Usuário 'participante': Gerou o documento da FATD (Alvo: Nº 293)
[2025-10-06 14:16:49] Usuário 'participante': Gerou o documento da FATD (Alvo: Nº 294)
[2025-10-06 14:18:45] Usuário 'participante': Gerou o documento da FATD (Alvo: Nº 295)
[2025-10-06 14:26:05] Usuário 'participante': Gerou o documento da FATD (Alvo: Nº 296)
[2025-10-06 14:29:40] Usuário 'participante': Gerou o documento da FATD (Alvo: Nº 297)
[2025-10-06 14:31:20] Usuário 'participante': Gerou o documento da FATD (Alvo: Nº 298)
[2025-10-06 14:36:15] Usuário 'participante': Gerou o documento da FATD (Alvo: Nº 299)
[2025-10-06 14:39:10] Usuário 'participante': Gerou o documento da FATD (Alvo: Nº 300)
[2025-10-06 14:39:43] Usuário 'participante': Gerou o documento da FATD (Alvo: Nº 301)
[2025-10-06 14:43:20] Usuário 'participante': Gerou o documento da FATD (Alvo: Nº 302)
[2025-10-06 14:43:48] Usuário 'participante': Gerou o documento da FATD (Alvo: Nº 303)
[2025-10-06 14:44:53] Usuário 'participante': Gerou o documento da FATD (Alvo: Nº 304)
[2025-10-08 08:10:41] Usuário 'SISTEMA': Login bem-sucedido.
[2025-10-08 08:10:51] Usuário 'SISTEMA': Login bem-sucedido.
[2025-10-08 08:11:06] Usuário 'SISTEMA': Login bem-sucedido.
[2025-10-08 08:11:22] Usuário 'SISTEMA': Login bem-sucedido.
[2025-10-08 08:11:36] Usuário 'SISTEMA': Login bem-sucedido.
[2025-10-08 08:12:20] Usuário 'master': Gerou o documento da FATD (Alvo: Nº 305)
[2025-10-08 08:19:04] Usuário 'master': Gerou o Documento de Decisão (Alvo: FATD Nº 305)
[2025-10-08 08:22:07] Usuário 'SISTEMA': Login bem-sucedido.
[2025-10-08 08:22:26] Usuário 'SISTEMA': Login bem-sucedido.
[2025-10-08 08:22:43] Usuário 'SISTEMA': Login bem-sucedido.
[2025-10-08 10:23:26] Usuário 'SISTEMA': Login bem-sucedido.
[2025-10-08 10:40:47] Usuário 'SISTEMA': Login bem-sucedido.
[2025-10-08 10:45:23] Usuário 'participante': Gerou o documento da FATD (Alvo: Nº 305)
[2025-10-08 10:47:34] Usuário 'participante': Gerou o documento da FATD (Alvo: Nº 306)
[2025-10-08 10:49:51] Usuário 'SISTEMA': Login bem-sucedido.
[2025-10-08 11:00:13] Usuário 'participante': Gerou o documento da FATD (Alvo: Nº 307)
[2025-10-08 11:06:23] Usuário 'participante': Gerou o documento da FATD (Alvo: Nº 308)
[2025-10-08 11:16:26] Usuário 'participante': Gerou o documento da FATD (Alvo: Nº 309)
[2025-10-08 11:18:29] Usuário 'participante': Gerou o documento da FATD (Alvo: Nº 310)
[2025-10-08 11:25:45] Usuário 'SISTEMA': Login bem-sucedido.
[2025-10-08 14:27:23] Usuário 'participante': Gerou o documento da FATD (Alvo: Nº 311)
[2025-10-08 14:28:15] Usuário 'participante': Gerou o documento da FATD (Alvo: Nº 312)
[2025-10-08 14:36:09] Usuário 'participante': Gerou o documento da FATD (Alvo: Nº 313)
[2025-10-08 14:47:25] Usuário 'participante': Gerou o documento da FATD (Alvo: Nº 314)
[2025-10-08 14:58:04] Usuário 'SISTEMA': Login bem-sucedido.
[2025-10-08 15:01:25] Usuário 'participante': Gerou o documento da FATD (Alvo: Nº 315)
[2025-10-08 15:33:11] Usuário 'SISTEMA': Login bem-sucedido.
[2025-10-08 16:14:17] Usuário 'SISTEMA': Login bem-sucedido.
[2025-10-08 16:14:28] Usuário 'SISTEMA': Login bem-sucedido.
[2025-10-08 16:14:52] Usuário 'SISTEMA': Login bem-sucedido.
[2025-10-08 16:38:53] Usuário 'master': Editou a data de início da FATD (Alvo: Nº 293)
[2025-10-08 16:40:30] Usuário 'master': Concluiu a FATD (Alvo: Nº 292)
[2025-10-08 16:41:17] Usuário 'master': Concluiu a FATD (Alvo: Nº 308)
[2025-10-17 08:08:11] Usuário 'SISTEMA': Login bem-sucedido.
[2025-10-17 08:14:15] Usuário 'SISTEMA': Login bem-sucedido.
[2025-10-17 08:16:00] Usuário 'SISTEMA': Login bem-sucedido.
[2025-10-17 08:16:22] Usuário 'SISTEMA': Login bem-sucedido.
[2025-10-17 08:16:32] Usuário 'SISTEMA': Login bem-sucedido.
[2025-10-17 08:17:20] Usuário 'SISTEMA': Login bem-sucedido.
[2025-10-17 08:18:33] Usuário 'SISTEMA': Login bem-sucedido.
[2025-10-21 14:36:08] Usuário 'SISTEMA': Login bem-sucedido.
[2025-10-21 14:38:35] Usuário 'master': Concluiu a FATD (Alvo: Nº 260)
[2025-10-21 14:39:10] Usuário 'master': Gerou o Documento de Decisão (Alvo: FATD Nº 260)
[2025-10-21 14:40:05] Usuário 'master': Criou o novo usuário (Alvo: Sgte Cia Ap)
[2025-10-21 14:40:10] Usuário 'master': Excluiu o usuário (Alvo: Sgte Cia Ap)
[2025-10-21 14:40:58] Usuário 'SISTEMA': Login bem-sucedido.
[2025-10-26 13:19:09] Usuário 'SISTEMA': Login bem-sucedido.
[2025-10-26 14:04:15] Usuário 'SISTEMA': Login bem-sucedido.
[2025-10-26 14:20:03] Usuário 'SISTEMA': Login bem-sucedido.
[2025-10-26 14:20:10] Usuário 'master': Atualizou 'Nota ao BI' (Alvo: FATD Nº 315)
[2025-10-26 14:20:13] Usuário 'master': Atualizou 'Nota ao BI' (Alvo: FATD Nº 315)
[2025-10-26 14:20:15] Usuário 'master': Atualizou 'Punição' (Alvo: FATD Nº 315)
[2025-10-26 14:20:17] Usuário 'master': Atualizou 'Punição' (Alvo: FATD Nº 310)
[2025-10-26 14:20:19] Usuário 'master': Atualizou 'Nota ao BI' (Alvo: FATD Nº 315)
[2025-10-26 14:20:23] Usuário 'master': Atualizou 'Punição' (Alvo: FATD Nº 315)
[2025-10-27 08:36:32] Usuário 'SISTEMA': Login bem-sucedido.
[2025-10-27 08:38:45] Usuário 'master': Gerou o Documento de Decisão (Alvo: FATD Nº 280)
[2025-10-27 08:40:42] Usuário 'SISTEMA': Login bem-sucedido.
[2025-10-27 11:09:15] Usuário 'SISTEMA': Login bem-sucedido.
[2025-10-27 11:09:30] Usuário 'master': Concluiu a FATD (Alvo: Nº 302)
[2025-10-27 11:10:38] Usuário 'master': Atualizou 'Nota ao BI' (Alvo: FATD Nº 281)
[2025-10-27 11:10:42] Usuário 'master': Atualizou 'BI' (Alvo: FATD Nº 281)
[2025-10-27 11:10:45] Usuário 'master': Atualizou 'Qtd Dias' (Alvo: FATD Nº 281)
[2025-10-27 11:10:49] Usuário 'master': Atualizou 'Punição' (Alvo: FATD Nº 281)
[2025-10-27 11:10:58] Usuário 'master': Concluiu a FATD (Alvo: Nº 281)
[2025-10-27 11:35:32] Usuário 'SISTEMA': Login bem-sucedido.
[2025-10-27 11:36:34] Usuário 'master': Atualizou 'Nota ao BI' (Alvo: FATD Nº 263)
[2025-10-27 11:36:36] Usuário 'master': Atualizou 'BI' (Alvo: FATD Nº 263)
[2025-10-27 11:36:38] Usuário 'master': Atualizou 'Qtd Dias' (Alvo: FATD Nº 263)
[2025-10-27 11:36:44] Usuário 'master': Atualizou 'Punição' (Alvo: FATD Nº 263)
[2025-10-27 11:37:17] Usuário 'master': Editou a data de início da FATD (Alvo: Nº 263)
[2025-10-27 11:37:21] Usuário 'master': Marcou a FATD como Concluída (Alvo: Nº 263)
[2025-10-27 14:26:50] Usuário 'SISTEMA': Login bem-sucedido.
[2025-10-27 14:26:58] Usuário 'master': Atualizou 'Punição' (Alvo: FATD Nº 263)
[2025-10-27 14:26:59] Usuário 'master': Marcou a FATD como Concluída (Alvo: Nº 263)
[2025-10-27 15:08:48] Usuário 'SISTEMA': Login bem-sucedido.
[2025-10-27 15:41:17] Usuário 'SISTEMA': Login bem-sucedido.
[2025-11-03 19:41:51] Usuário 'SISTEMA': Login bem-sucedido.
[2025-11-03 19:42:32] Usuário 'SISTEMA': Login bem-sucedido.
[2025-11-03 19:43:08] Usuário 'SISTEMA': Login bem-sucedido.
[2025-11-03 19:43:38] Usuário 'master': Marcou a FATD como Concluída (Alvo: Nº 305)
[2025-11-03 19:43:45] Usuário 'master': Atualizou 'Punição' (Alvo: FATD Nº 305)
[2025-11-03 19:43:48] Usuário 'master': Atualizou 'Nota ao BI' (Alvo: FATD Nº 305)
[2025-11-03 19:43:49] Usuário 'master': Atualizou 'BI' (Alvo: FATD Nº 305)
[2025-11-03 19:43:51] Usuário 'master': Atualizou 'Qtd Dias' (Alvo: FATD Nº 305)
[2025-11-03 19:43:53] Usuário 'master': Atualizou 'Punição' (Alvo: FATD Nº 306)
[2025-11-03 19:43:54] Usuário 'master': Atualizou 'Qtd Dias' (Alvo: FATD Nº 305)
[2025-11-03 19:43:57] Usuário 'master': Atualizou 'Punição' (Alvo: FATD Nº 306)
[2025-11-03 19:43:59] Usuário 'master': Atualizou 'Qtd Dias' (Alvo: FATD Nº 306)
[2025-11-03 19:44:00] Usuário 'master': Atualizou 'BI' (Alvo: FATD Nº 306)
[2025-11-03 19:44:04] Usuário 'master': Marcou a FATD como Concluída (Alvo: Nº 306)
[2025-11-03 19:44:05] Usuário 'master': Atualizou 'Nota ao BI' (Alvo: FATD Nº 306)
[2025-11-03 19:44:20] Usuário 'master': Editou a data de início da FATD (Alvo: Nº 312)
[2025-11-04 15:30:31] Usuário 'SISTEMA': Login bem-sucedido.
[2025-11-20 20:30:15] Usuário 'SISTEMA': Login bem-sucedido.
[2025-11-20 20:31:05] Usuário 'SISTEMA': Login bem-sucedido.
[2025-11-20 20:31:45] Usuário 'SISTEMA': Login bem-sucedido.
[2025-11-20 20:33:59] Usuário 'SISTEMA': Login bem-sucedido.
[2025-11-20 20:39:19] Usuário 'SISTEMA': Login bem-sucedido.
[2025-11-20 20:40:12] Usuário 'SISTEMA': Login bem-sucedido.
[2025-11-20 20:47:30] Usuário 'SISTEMA': Login bem-sucedido.
[2025-11-20 20:50:41] Usuário 'SISTEMA': Login bem-sucedido.
[2025-11-20 20:54:42] Usuário 'SISTEMA': Login bem-sucedido.
[2025-11-22 12:26:11] Usuário 'SISTEMA': Login bem-sucedido.
[2025-11-22 12:39:57] Usuário 'SISTEMA': Login bem-sucedido.
[2025-11-22 12:42:20] Usuário 'SISTEMA': Login bem-sucedido.
[2025-11-22 12:46:56] Usuário 'SISTEMA': Login bem-sucedido.
[2025-11-22 12:47:50] Usuário 'SISTEMA': Login bem-sucedido.
[2025-11-22 12:50:11] Usuário 'SISTEMA': Login bem-sucedido.
[2025-11-22 12:52:08] Usuário 'SISTEMA': Login bem-sucedido.
[2025-11-22 12:53:24] Usuário 'SISTEMA': Login bem-sucedido.
[2025-11-22 12:55:28] Usuário 'SISTEMA': Login bem-sucedido.
[2025-11-22 12:57:39] Usuário 'SISTEMA': Login bem-sucedido.
[2025-11-22 12:58:41] Usuário 'SISTEMA': Login bem-sucedido.
[2025-11-22 12:59:06] Usuário 'SISTEMA': Login bem-sucedido.
[2025-11-22 12:59:49] Usuário 'SISTEMA': Login bem-sucedido.
[2025-11-22 13:00:38] Usuário 'SISTEMA': Login bem-sucedido.
[2025-11-22 16:33:03] Usuário 'SISTEMA': Login bem-sucedido.
[2025-11-22 16:34:44] Usuário 'SISTEMA': Login bem-sucedido.
[2025-11-22 16:43:38] Usuário 'SISTEMA': Login bem-sucedido.
[2025-11-22 16:59:52] Usuário 'SISTEMA': Login bem-sucedido.
[2025-11-26 12:59:13] Usuário 'SISTEMA': Login bem-sucedido.
[2025-11-26 12:59:34] Usuário 'master': Gerou o Documento de Decisão (Alvo: FATD Nº 258)
[2025-11-26 13:01:28] Usuário 'SISTEMA': Login bem-sucedido.
[2025-11-26 13:04:34] Usuário 'SISTEMA': Login bem-sucedido.
[2025-11-26 13:04:41] Usuário 'master': Gerou o Documento de Decisão (Alvo: FATD Nº 259)
[2025-11-26 13:04:55] Usuário 'master': Gerou o Documento de Decisão (Alvo: FATD Nº 259)
[2025-11-26 13:06:56] Usuário 'SISTEMA': Login bem-sucedido.
[2025-11-26 13:07:05] Usuário 'master': Gerou o Documento de Decisão (Alvo: FATD Nº 260)
[2025-11-26 13:48:32] Usuário 'SISTEMA': Login bem-sucedido.
[2025-11-26 14:02:33] Usuário 'SISTEMA': Login bem-sucedido.
[2025-11-26 14:12:01] Usuário 'SISTEMA': Login bem-sucedido.
[2025-11-26 14:18:52] Usuário 'SISTEMA': Login bem-sucedido.
[2025-11-26 14:22:50] Usuário 'SISTEMA': Login bem-sucedido.
[2025-11-26 14:25:30] Usuário 'SISTEMA': Login bem-sucedido.
[2025-11-26 14:39:24] Usuário 'SISTEMA': Login bem-sucedido.
[2025-11-26 14:42:03] Usuário 'SISTEMA': Login bem-sucedido.
[2025-11-26 14:42:31] Usuário 'master': Gerou Documento Decisão (Alvo: FATD 258)
[2025-11-26 14:43:23] Usuário 'master': Gerou Documento Decisão (Alvo: FATD 267)
[2025-11-28 11:50:38] Usuário 'SISTEMA': Login bem-sucedido.
[2025-11-28 11:57:20] Usuário 'SISTEMA': Login bem-sucedido.
[2025-11-28 12:03:10] Usuário 'SISTEMA': Login bem-sucedido.
[2025-11-28 12:07:22] Usuário 'SISTEMA': Login bem-sucedido.
[2025-11-28 12:12:43] Usuário 'SISTEMA': Login bem-sucedido.
[2025-11-28 12:15:03] Usuário 'SISTEMA': Login bem-sucedido.
[2025-11-28 12:15:53] Usuário 'SISTEMA': Login bem-sucedido.
[2025-11-28 12:28:01] Usuário 'SISTEMA': Login bem-sucedido.
[2025-11-28 12:33:13] Usuário 'SISTEMA': Login bem-sucedido.
[2025-11-28 12:36:01] Usuário 'master': Gerou Documento Decisão (Alvo: FATD 277)
[2025-11-28 12:57:03] Usuário 'SISTEMA': Login bem-sucedido.
[2025-11-28 12:58:05] Usuário 'master': Gerou Documento Decisão (Alvo: FATD 278)
[2025-11-28 20:23:13] Usuário 'SISTEMA': Login bem-sucedido.
[2025-11-28 20:31:27] Usuário 'SISTEMA': Login bem-sucedido.
